<<<<<<< HEAD
Base path: /Applications/Unity/Unity.app/Contents
Pipe name: \\.\pipe\UnityShaderCompiler-1--1585880664
Cmd: getPlatforms
Cmd: preprocess
  insize=9238 outsize=2329 ok=1
Cmd: preprocess
  insize=11291 outsize=719 ok=1
Cmd: preprocess
  insize=1220 outsize=457 ok=1
Cmd: preprocess
  insize=9689 outsize=919 ok=1
Cmd: preprocess
  insize=1692 outsize=351 ok=1
Cmd: preprocess
  insize=919 outsize=354 ok=1
Cmd: preprocess
  insize=1013 outsize=316 ok=1
Cmd: preprocess
  insize=1993 outsize=486 ok=1
Cmd: preprocess
  insize=1298 outsize=412 ok=1
Cmd: preprocess
  insize=3630 outsize=711 ok=1
Cmd: preprocess
  insize=1242 outsize=409 ok=1
Cmd: preprocess
  insize=6580 outsize=797 ok=1
Cmd: preprocess
  insize=1180 outsize=314 ok=1
Cmd: preprocess
  insize=2658 outsize=774 ok=1
Cmd: preprocess
  insize=975 outsize=305 ok=1
Cmd: preprocess
  insize=1384 outsize=384 ok=1
Cmd: preprocess
  insize=1427 outsize=347 ok=1
Cmd: preprocess
  insize=1716 outsize=728 ok=1
Cmd: preprocess
  insize=1410 outsize=346 ok=1
Cmd: preprocess
  insize=1275 outsize=329 ok=1
Cmd: preprocess
  insize=2307 outsize=644 ok=1
Cmd: preprocess
  insize=972 outsize=271 ok=1
Cmd: preprocess
  insize=794 outsize=320 ok=1
Cmd: preprocess
  insize=6471 outsize=998 ok=1
Cmd: preprocess
  insize=32639 outsize=273 ok=1
Cmd: preprocess
  insize=1223 outsize=260 ok=1
Cmd: preprocess
  insize=3618 outsize=705 ok=1
Cmd: preprocess
  insize=1000 outsize=249 ok=1
Cmd: preprocess
  insize=5407 outsize=1803 ok=1
Cmd: preprocess
  insize=13842 outsize=2064 ok=1
Cmd: preprocess
  insize=1045 outsize=358 ok=1
Cmd: preprocess
  insize=6309 outsize=751 ok=1
Cmd: preprocess
  insize=2978 outsize=784 ok=1
Cmd: preprocess
  insize=11459 outsize=2628 ok=1
Cmd: preprocess
  insize=984 outsize=438 ok=1
Cmd: preprocess
  insize=13859 outsize=2635 ok=1
Cmd: preprocess
  insize=1954 outsize=490 ok=1
Cmd: preprocess
  insize=1699 outsize=302 ok=1
Cmd: preprocess
  insize=27353 outsize=4722 ok=1
Cmd: preprocess
  insize=4118 outsize=553 ok=1
Cmd: preprocess
  insize=2281 outsize=1209 ok=1
Cmd: preprocess
  insize=1744 outsize=296 ok=1
Cmd: preprocess
  insize=1033 outsize=351 ok=1
Cmd: preprocess
  insize=1134 outsize=458 ok=1
Cmd: preprocess
  insize=742 outsize=267 ok=1
Cmd: preprocess
  insize=5863 outsize=873 ok=1
Cmd: preprocess
  insize=5662 outsize=758 ok=1
Cmd: preprocess
  insize=590 outsize=357 ok=1
Cmd: preprocess
  insize=7288 outsize=926 ok=1
Cmd: preprocess
  insize=32649 outsize=273 ok=1
Cmd: preprocess
  insize=5299 outsize=1741 ok=1
Cmd: preprocess
  insize=6804 outsize=255 ok=1
Cmd: preprocess
  insize=4539 outsize=555 ok=1
Cmd: preprocess
  insize=4862 outsize=1016 ok=1
Cmd: preprocess
  insize=5761 outsize=1269 ok=1
Cmd: preprocess
  insize=785 outsize=304 ok=1
Cmd: preprocess
  insize=725 outsize=317 ok=1
Cmd: preprocess
  insize=3940 outsize=649 ok=1
Cmd: preprocess
  insize=880 outsize=301 ok=1
Cmd: preprocess
  insize=1346 outsize=297 ok=1
Cmd: preprocess
  insize=2157 outsize=982 ok=1
Cmd: preprocess
  insize=5321 outsize=775 ok=1
Cmd: preprocess
  insize=1087 outsize=489 ok=1
Cmd: preprocess
  insize=1220 outsize=387 ok=1
Cmd: preprocess
  insize=581 outsize=259 ok=1
Cmd: preprocess
  insize=731 outsize=314 ok=1
Cmd: preprocess
  insize=5293 outsize=886 ok=1
Cmd: preprocess
  insize=1734 outsize=683 ok=1
=======
Base path: C:/Program Files (x86)/Unity/Editor/Data
Pipe name: \\.\pipe\UnityShaderCompiler-1-6924
Cmd: getPlatforms
>>>>>>> 8fdc9abad5c205d1fd7e5f832e9e13f9bdf39d45
